Copyright 1986-2018 Xilinx, Inc. All Rights Reserved.
------------------------------------------------------------------------------------------------------------------------
| Tool Version : Vivado v.2018.3 (win64) Build 2405991 Thu Dec  6 23:38:27 MST 2018
| Date         : Wed Oct 29 20:23:46 2025
| Host         : MR32-427a-08 running 64-bit major release  (build 9200)
| Command      : report_drc -file led_switch_drc_routed.rpt -pb led_switch_drc_routed.pb -rpx led_switch_drc_routed.rpx
| Design       : led_switch
| Device       : xc7z020clg484-1
| Speed File   : -1
| Design State : Fully Routed
------------------------------------------------------------------------------------------------------------------------

Report DRC

Table of Contents
-----------------
1. REPORT SUMMARY
2. REPORT DETAILS

1. REPORT SUMMARY
-----------------
            Netlist: netlist
          Floorplan: design_1
      Design limits: <entire design considered>
           Ruledeck: default
             Max violations: <unlimited>
             Violations found: 2
+--------+----------+------------------------------------------------+------------+
| Rule   | Severity | Description                                    | Violations |
+--------+----------+------------------------------------------------+------------+
| PLIO-3 | Warning  | Placement Constraints Check for IO constraints | 1          |
| ZPS7-1 | Warning  | PS7 block required                             | 1          |
+--------+----------+------------------------------------------------+------------+

2. REPORT DETAILS
-----------------
PLIO-3#1 Warning
Placement Constraints Check for IO constraints  
Partially locked IO Bus is found. Following components of the IO Bus button[1:0] are not locked:  button[1]
Related violations: <none>

ZPS7-1#1 Warning
PS7 block required  
The PS7 cell must be used in this Zynq design in order to enable correct default configuration.
Related violations: <none>


